2015-03-18 17:00:05,257 [http-bio-8080-exec-4] ERROR StackTrace  - Full Stack Trace:
java.lang.IllegalArgumentException: Dynamic method get<Artefact>Class(artefactName) requires a single String parameter
	at org.codehaus.groovy.grails.commons.DefaultGrailsApplication.invokeMethod(DefaultGrailsApplication.java:615)
	at org.codehaus.groovy.runtime.callsite.PogoMetaClassSite.call(PogoMetaClassSite.java:45)
	at org.codehaus.groovy.runtime.callsite.CallSiteArray.defaultCall(CallSiteArray.java:45)
	at org.codehaus.groovy.runtime.callsite.AbstractCallSite.call(AbstractCallSite.java:108)
	at org.codehaus.groovy.runtime.callsite.AbstractCallSite.call(AbstractCallSite.java:116)
	at grails.plugin.springsecurity.userdetails.GormUserDetailsService.loadUserByUsername(GormUserDetailsService.groovy:56)
	at grails.plugin.springsecurity.userdetails.GormUserDetailsService.loadUserByUsername(GormUserDetailsService.groovy:81)
	at org.springframework.security.web.authentication.rememberme.TokenBasedRememberMeServices.processAutoLoginCookie(TokenBasedRememberMeServices.java:125)
	at org.springframework.security.web.authentication.rememberme.AbstractRememberMeServices.autoLogin(AbstractRememberMeServices.java:115)
	at org.springframework.security.web.authentication.rememberme.RememberMeAuthenticationFilter.doFilter(RememberMeAuthenticationFilter.java:97)
	at org.springframework.security.web.FilterChainProxy$VirtualFilterChain.doFilter(FilterChainProxy.java:342)
	at org.springframework.security.web.servletapi.SecurityContextHolderAwareRequestFilter.doFilter(SecurityContextHolderAwareRequestFilter.java:154)
	at org.springframework.security.web.FilterChainProxy$VirtualFilterChain.doFilter(FilterChainProxy.java:342)
	at org.springframework.security.web.authentication.AbstractAuthenticationProcessingFilter.doFilter(AbstractAuthenticationProcessingFilter.java:199)
	at grails.plugin.springsecurity.web.authentication.RequestHolderAuthenticationFilter.doFilter(RequestHolderAuthenticationFilter.java:49)
	at org.springframework.security.web.FilterChainProxy$VirtualFilterChain.doFilter(FilterChainProxy.java:342)
	at grails.plugin.springsecurity.web.authentication.logout.MutableLogoutFilter.doFilter(MutableLogoutFilter.java:82)
	at org.springframework.security.web.FilterChainProxy$VirtualFilterChain.doFilter(FilterChainProxy.java:342)
	at org.springframework.security.web.context.SecurityContextPersistenceFilter.doFilter(SecurityContextPersistenceFilter.java:87)
	at org.springframework.security.web.FilterChainProxy$VirtualFilterChain.doFilter(FilterChainProxy.java:342)
	at org.springframework.security.web.FilterChainProxy.doFilterInternal(FilterChainProxy.java:192)
	at org.springframework.security.web.FilterChainProxy.doFilter(FilterChainProxy.java:160)
	at org.springframework.web.filter.DelegatingFilterProxy.invokeDelegate(DelegatingFilterProxy.java:344)
	at org.springframework.web.filter.DelegatingFilterProxy.doFilter(DelegatingFilterProxy.java:261)
	at org.apache.catalina.core.ApplicationFilterChain.internalDoFilter(ApplicationFilterChain.java:241)
	at org.apache.catalina.core.ApplicationFilterChain.doFilter(ApplicationFilterChain.java:208)
	at org.codehaus.groovy.grails.web.servlet.mvc.GrailsWebRequestFilter.doFilterInternal(GrailsWebRequestFilter.java:69)
	at org.springframework.web.filter.OncePerRequestFilter.doFilter(OncePerRequestFilter.java:107)
	at org.apache.catalina.core.ApplicationFilterChain.internalDoFilter(ApplicationFilterChain.java:241)
	at org.apache.catalina.core.ApplicationFilterChain.doFilter(ApplicationFilterChain.java:208)
	at org.codehaus.groovy.grails.web.filters.HiddenHttpMethodFilter.doFilterInternal(HiddenHttpMethodFilter.java:67)
	at org.springframework.web.filter.OncePerRequestFilter.doFilter(OncePerRequestFilter.java:107)
	at org.apache.catalina.core.ApplicationFilterChain.internalDoFilter(ApplicationFilterChain.java:241)
	at org.apache.catalina.core.ApplicationFilterChain.doFilter(ApplicationFilterChain.java:208)
	at org.springframework.web.filter.CharacterEncodingFilter.doFilterInternal(CharacterEncodingFilter.java:88)
	at org.springframework.web.filter.OncePerRequestFilter.doFilter(OncePerRequestFilter.java:107)
	at org.springframework.web.filter.DelegatingFilterProxy.invokeDelegate(DelegatingFilterProxy.java:344)
	at org.springframework.web.filter.DelegatingFilterProxy.doFilter(DelegatingFilterProxy.java:261)
	at org.apache.catalina.core.ApplicationFilterChain.internalDoFilter(ApplicationFilterChain.java:241)
	at org.apache.catalina.core.ApplicationFilterChain.doFilter(ApplicationFilterChain.java:208)
	at org.apache.catalina.core.StandardWrapperValve.invoke(StandardWrapperValve.java:220)
	at org.apache.catalina.core.StandardContextValve.invoke(StandardContextValve.java:122)
	at org.apache.catalina.core.StandardHostValve.invoke(StandardHostValve.java:171)
	at org.apache.catalina.valves.ErrorReportValve.invoke(ErrorReportValve.java:103)
	at org.apache.catalina.core.StandardEngineValve.invoke(StandardEngineValve.java:116)
	at org.apache.catalina.connector.CoyoteAdapter.service(CoyoteAdapter.java:408)
	at org.apache.coyote.http11.AbstractHttp11Processor.process(AbstractHttp11Processor.java:1070)
	at org.apache.coyote.AbstractProtocol$AbstractConnectionHandler.process(AbstractProtocol.java:611)
	at org.apache.tomcat.util.net.JIoEndpoint$SocketProcessor.run(JIoEndpoint.java:314)
	at java.util.concurrent.ThreadPoolExecutor.runWorker(ThreadPoolExecutor.java:1142)
	at java.util.concurrent.ThreadPoolExecutor$Worker.run(ThreadPoolExecutor.java:617)
	at org.apache.tomcat.util.threads.TaskThread$WrappingRunnable.run(TaskThread.java:61)
	at java.lang.Thread.run(Thread.java:745)
2015-03-18 17:00:05,261 [http-bio-8080-exec-4] ERROR StackTrace  - Full Stack Trace:
java.lang.IllegalArgumentException: Dynamic method get<Artefact>Class(artefactName) requires a single String parameter
	at grails.plugin.springsecurity.userdetails.GormUserDetailsService.loadUserByUsername(GormUserDetailsService.groovy:56)
	at grails.plugin.springsecurity.userdetails.GormUserDetailsService.loadUserByUsername(GormUserDetailsService.groovy:81)
	at grails.plugin.springsecurity.web.authentication.RequestHolderAuthenticationFilter.doFilter(RequestHolderAuthenticationFilter.java:49)
	at grails.plugin.springsecurity.web.authentication.logout.MutableLogoutFilter.doFilter(MutableLogoutFilter.java:82)
	at java.util.concurrent.ThreadPoolExecutor.runWorker(ThreadPoolExecutor.java:1142)
	at java.util.concurrent.ThreadPoolExecutor$Worker.run(ThreadPoolExecutor.java:617)
	at java.lang.Thread.run(Thread.java:745)
2015-03-18 17:00:05,317 [http-bio-8080-exec-4] ERROR StackTrace  - Full Stack Trace:
java.lang.IllegalArgumentException: Dynamic method get<Artefact>Class(artefactName) requires a single String parameter
	at org.codehaus.groovy.grails.commons.DefaultGrailsApplication.invokeMethod(DefaultGrailsApplication.java:615)
	at org.codehaus.groovy.runtime.callsite.PogoMetaClassSite.call(PogoMetaClassSite.java:45)
	at org.codehaus.groovy.runtime.callsite.AbstractCallSite.call(AbstractCallSite.java:116)
	at grails.plugin.springsecurity.userdetails.GormUserDetailsService.loadUserByUsername(GormUserDetailsService.groovy:56)
	at grails.plugin.springsecurity.userdetails.GormUserDetailsService.loadUserByUsername(GormUserDetailsService.groovy:81)
	at org.springframework.security.web.authentication.rememberme.TokenBasedRememberMeServices.processAutoLoginCookie(TokenBasedRememberMeServices.java:125)
	at org.springframework.security.web.authentication.rememberme.AbstractRememberMeServices.autoLogin(AbstractRememberMeServices.java:115)
	at org.springframework.security.web.authentication.rememberme.RememberMeAuthenticationFilter.doFilter(RememberMeAuthenticationFilter.java:97)
	at org.springframework.security.web.FilterChainProxy$VirtualFilterChain.doFilter(FilterChainProxy.java:342)
	at org.springframework.security.web.servletapi.SecurityContextHolderAwareRequestFilter.doFilter(SecurityContextHolderAwareRequestFilter.java:154)
	at org.springframework.security.web.FilterChainProxy$VirtualFilterChain.doFilter(FilterChainProxy.java:342)
	at org.springframework.security.web.authentication.AbstractAuthenticationProcessingFilter.doFilter(AbstractAuthenticationProcessingFilter.java:199)
	at grails.plugin.springsecurity.web.authentication.RequestHolderAuthenticationFilter.doFilter(RequestHolderAuthenticationFilter.java:49)
	at org.springframework.security.web.FilterChainProxy$VirtualFilterChain.doFilter(FilterChainProxy.java:342)
	at grails.plugin.springsecurity.web.authentication.logout.MutableLogoutFilter.doFilter(MutableLogoutFilter.java:82)
	at org.springframework.security.web.FilterChainProxy$VirtualFilterChain.doFilter(FilterChainProxy.java:342)
	at org.springframework.security.web.context.SecurityContextPersistenceFilter.doFilter(SecurityContextPersistenceFilter.java:87)
	at org.springframework.security.web.FilterChainProxy$VirtualFilterChain.doFilter(FilterChainProxy.java:342)
	at org.springframework.security.web.FilterChainProxy.doFilterInternal(FilterChainProxy.java:192)
	at org.springframework.security.web.FilterChainProxy.doFilter(FilterChainProxy.java:160)
	at org.springframework.web.filter.DelegatingFilterProxy.invokeDelegate(DelegatingFilterProxy.java:344)
	at org.springframework.web.filter.DelegatingFilterProxy.doFilter(DelegatingFilterProxy.java:261)
	at org.apache.catalina.core.ApplicationFilterChain.internalDoFilter(ApplicationFilterChain.java:241)
	at org.apache.catalina.core.ApplicationFilterChain.doFilter(ApplicationFilterChain.java:208)
	at org.codehaus.groovy.grails.web.servlet.mvc.GrailsWebRequestFilter.doFilterInternal(GrailsWebRequestFilter.java:69)
	at org.springframework.web.filter.OncePerRequestFilter.doFilter(OncePerRequestFilter.java:107)
	at org.apache.catalina.core.ApplicationFilterChain.internalDoFilter(ApplicationFilterChain.java:241)
	at org.apache.catalina.core.ApplicationFilterChain.doFilter(ApplicationFilterChain.java:208)
	at org.apache.catalina.core.ApplicationDispatcher.invoke(ApplicationDispatcher.java:748)
	at org.apache.catalina.core.ApplicationDispatcher.processRequest(ApplicationDispatcher.java:488)
	at org.apache.catalina.core.ApplicationDispatcher.doForward(ApplicationDispatcher.java:411)
	at org.apache.catalina.core.ApplicationDispatcher.forward(ApplicationDispatcher.java:338)
	at org.apache.catalina.core.StandardHostValve.custom(StandardHostValve.java:467)
	at org.apache.catalina.core.StandardHostValve.status(StandardHostValve.java:338)
	at org.apache.catalina.core.StandardHostValve.throwable(StandardHostValve.java:428)
	at org.apache.catalina.core.StandardHostValve.invoke(StandardHostValve.java:201)
	at org.apache.catalina.valves.ErrorReportValve.invoke(ErrorReportValve.java:103)
	at org.apache.catalina.core.StandardEngineValve.invoke(StandardEngineValve.java:116)
	at org.apache.catalina.connector.CoyoteAdapter.service(CoyoteAdapter.java:408)
	at org.apache.coyote.http11.AbstractHttp11Processor.process(AbstractHttp11Processor.java:1070)
	at org.apache.coyote.AbstractProtocol$AbstractConnectionHandler.process(AbstractProtocol.java:611)
	at org.apache.tomcat.util.net.JIoEndpoint$SocketProcessor.run(JIoEndpoint.java:314)
	at java.util.concurrent.ThreadPoolExecutor.runWorker(ThreadPoolExecutor.java:1142)
	at java.util.concurrent.ThreadPoolExecutor$Worker.run(ThreadPoolExecutor.java:617)
	at org.apache.tomcat.util.threads.TaskThread$WrappingRunnable.run(TaskThread.java:61)
	at java.lang.Thread.run(Thread.java:745)
2015-03-18 17:00:05,318 [http-bio-8080-exec-4] ERROR StackTrace  - Full Stack Trace:
java.lang.IllegalArgumentException: Dynamic method get<Artefact>Class(artefactName) requires a single String parameter
	at grails.plugin.springsecurity.userdetails.GormUserDetailsService.loadUserByUsername(GormUserDetailsService.groovy:56)
	at grails.plugin.springsecurity.userdetails.GormUserDetailsService.loadUserByUsername(GormUserDetailsService.groovy:81)
	at grails.plugin.springsecurity.web.authentication.RequestHolderAuthenticationFilter.doFilter(RequestHolderAuthenticationFilter.java:49)
	at grails.plugin.springsecurity.web.authentication.logout.MutableLogoutFilter.doFilter(MutableLogoutFilter.java:82)
	at java.util.concurrent.ThreadPoolExecutor.runWorker(ThreadPoolExecutor.java:1142)
	at java.util.concurrent.ThreadPoolExecutor$Worker.run(ThreadPoolExecutor.java:617)
	at java.lang.Thread.run(Thread.java:745)
2015-03-18 17:00:05,320 [http-bio-8080-exec-4] ERROR StackTrace  - Full Stack Trace:
java.lang.IllegalArgumentException: Dynamic method get<Artefact>Class(artefactName) requires a single String parameter
	at grails.plugin.springsecurity.userdetails.GormUserDetailsService.loadUserByUsername(GormUserDetailsService.groovy:56)
	at grails.plugin.springsecurity.userdetails.GormUserDetailsService.loadUserByUsername(GormUserDetailsService.groovy:81)
	at grails.plugin.springsecurity.web.authentication.RequestHolderAuthenticationFilter.doFilter(RequestHolderAuthenticationFilter.java:49)
	at grails.plugin.springsecurity.web.authentication.logout.MutableLogoutFilter.doFilter(MutableLogoutFilter.java:82)
	at java.util.concurrent.ThreadPoolExecutor.runWorker(ThreadPoolExecutor.java:1142)
	at java.util.concurrent.ThreadPoolExecutor$Worker.run(ThreadPoolExecutor.java:617)
	at java.lang.Thread.run(Thread.java:745)
2015-03-18 17:00:05,320 [http-bio-8080-exec-4] ERROR StackTrace  - Full Stack Trace:
java.lang.IllegalArgumentException: Dynamic method get<Artefact>Class(artefactName) requires a single String parameter
	at grails.plugin.springsecurity.userdetails.GormUserDetailsService.loadUserByUsername(GormUserDetailsService.groovy:56)
	at grails.plugin.springsecurity.userdetails.GormUserDetailsService.loadUserByUsername(GormUserDetailsService.groovy:81)
	at grails.plugin.springsecurity.web.authentication.RequestHolderAuthenticationFilter.doFilter(RequestHolderAuthenticationFilter.java:49)
	at grails.plugin.springsecurity.web.authentication.logout.MutableLogoutFilter.doFilter(MutableLogoutFilter.java:82)
	at java.util.concurrent.ThreadPoolExecutor.runWorker(ThreadPoolExecutor.java:1142)
	at java.util.concurrent.ThreadPoolExecutor$Worker.run(ThreadPoolExecutor.java:617)
	at java.lang.Thread.run(Thread.java:745)
